<?xml version="1.0" encoding="UTF-8"?>
<!-- Generated by org.testng.reporters.JUnitXMLReporter -->
<testsuite ignored="1" hostname="DESKTOP-0V5VL49" failures="0" tests="5" name="Test" time="0.119" errors="0" timestamp="2024-06-21T13:16:09 IST">
  <testcase classname="Batchexecution.sample3" name="m5" time="0.012"/>
  <testcase classname="Batchexecution.sample3" name="m6" time="0.004"/>
  <testcase classname="Batchexecution.sample2" name="m3" time="0.003"/>
  <testcase classname="Batchexecution.sample2" name="m4" time="0.002"/>
  <testcase classname="Batchexecution.sample1" name="m2" time="0.003"/>
  <testcase classname="Batchexecution.sample1" name="m1" time="0.0">
    <ignored/>
  </testcase> <!-- m1 -->
</testsuite> <!-- Test -->
