<?xml version="1.0" encoding="UTF-8"?>
<testng-results ignored="0" total="2" passed="2" failed="0" skipped="0">
  <reporter-output>
  </reporter-output>
  <suite started-at="2024-06-21T16:53:13 IST" name="Suite" finished-at="2024-06-21T16:53:24 IST" duration-ms="11831">
    <groups>
    </groups>
    <test started-at="2024-06-21T16:53:13 IST" name="Test1" finished-at="2024-06-21T16:53:23 IST" duration-ms="10312">
      <class name="parallelTesting.parallel1">
        <test-method signature="TC1()[pri:0, instance:parallelTesting.parallel1@82de64a]" started-at="2024-06-21T16:53:13 IST" name="TC1" finished-at="2024-06-21T16:53:23 IST" duration-ms="10249" status="PASS">
          <reporter-output>
          </reporter-output>
        </test-method> <!-- TC1 -->
      </class> <!-- parallelTesting.parallel1 -->
    </test> <!-- Test1 -->
    <test started-at="2024-06-21T16:53:13 IST" name="Test2" finished-at="2024-06-21T16:53:24 IST" duration-ms="11831">
      <class name="parallelTesting.parallel2">
        <test-method signature="TC2()[pri:0, instance:parallelTesting.parallel2@6e6f2380]" started-at="2024-06-21T16:53:13 IST" name="TC2" finished-at="2024-06-21T16:53:24 IST" duration-ms="11770" status="PASS">
          <reporter-output>
          </reporter-output>
        </test-method> <!-- TC2 -->
      </class> <!-- parallelTesting.parallel2 -->
    </test> <!-- Test2 -->
  </suite> <!-- Suite -->
</testng-results>
